Using pre-set license
Built from '2020.3/staging' branch; Version is '2020.3.18f1 (a7d1c678663c) revision 10998214'; Using compiler version '192528614'; Build Type 'Release'
OS: 'Windows 10 Education; OS build 19045.3448; Version 2009; 64bit' Language: 'sv' Physical Memory: 16112 MB
BatchMode: 1, IsHumanControllingUs: 0, StartBugReporterOnCrash: 0, Is64bit: 1, IsPro: 0

COMMAND LINE ARGUMENTS:
C:\Program Files\Unity\Hub\Editor\2020.3.18f1\Editor\Unity.exe
-adb2
-batchMode
-noUpm
-name
AssetImportWorker0
-projectPath
C:/Users/olle.wall/Documents/GitHub/Projekt-veckor-2024/projektVecka2024
-logFile
Logs/AssetImportWorker0.log
-srvPort
53412
Successfully changed project path to: C:/Users/olle.wall/Documents/GitHub/Projekt-veckor-2024/projektVecka2024
C:/Users/olle.wall/Documents/GitHub/Projekt-veckor-2024/projektVecka2024
Using Asset Import Pipeline V2.
Refreshing native plugins compatible for Editor in 34.02 ms, found 3 plugins.
Preloading 0 native plugins for Editor in 0.00 ms.
Initialize engine version: 2020.3.18f1 (a7d1c678663c)
[Subsystems] Discovering subsystems at path C:/Program Files/Unity/Hub/Editor/2020.3.18f1/Editor/Data/Resources/UnitySubsystems
[Subsystems] Discovering subsystems at path C:/Users/olle.wall/Documents/GitHub/Projekt-veckor-2024/projektVecka2024/Assets
GfxDevice: creating device client; threaded=0
Direct3D:
    Version:  Direct3D 11.0 [level 11.1]
    Renderer: NVIDIA GeForce MX450 (ID=0x1f97)
    Vendor:   
    VRAM:     1928 MB
    Driver:   27.21.14.5269
Initialize mono
Mono path[0] = 'C:/Program Files/Unity/Hub/Editor/2020.3.18f1/Editor/Data/Managed'
Mono path[1] = 'C:/Program Files/Unity/Hub/Editor/2020.3.18f1/Editor/Data/MonoBleedingEdge/lib/mono/unityjit'
Mono config path = 'C:/Program Files/Unity/Hub/Editor/2020.3.18f1/Editor/Data/MonoBleedingEdge/etc'
Using monoOptions --debugger-agent=transport=dt_socket,embedding=1,server=y,suspend=n,address=127.0.0.1:56712
Begin MonoManager ReloadAssembly
Registering precompiled unity dll's ...
Register platform support module: C:/Program Files/Unity/Hub/Editor/2020.3.18f1/Editor/Data/PlaybackEngines/WindowsStandaloneSupport/UnityEditor.WindowsStandalone.Extensions.dll
Registered in 0.001305 seconds.
Native extension for WindowsStandalone target not found
Refreshing native plugins compatible for Editor in 33.98 ms, found 3 plugins.
Preloading 0 native plugins for Editor in 0.00 ms.
Mono: successfully reloaded assembly
- Completed reload, in  1.956 seconds
Domain Reload Profiling:
	ReloadAssembly (1956ms)
		BeginReloadAssembly (55ms)
			ExecutionOrderSort (0ms)
			DisableScriptedObjects (0ms)
			BackupInstance (0ms)
			ReleaseScriptingObjects (0ms)
			CreateAndSetChildDomain (1ms)
		EndReloadAssembly (409ms)
			LoadAssemblies (53ms)
			RebuildTransferFunctionScriptingTraits (0ms)
			SetupTypeCache (165ms)
			ReleaseScriptCaches (0ms)
			RebuildScriptCaches (27ms)
			SetupLoadedEditorAssemblies (158ms)
				LogAssemblyErrors (0ms)
				InitializePlatformSupportModulesInManaged (3ms)
				SetLoadedEditorAssemblies (0ms)
				RefreshPlugins (34ms)
				BeforeProcessingInitializeOnLoad (15ms)
				ProcessInitializeOnLoadAttributes (80ms)
				ProcessInitializeOnLoadMethodAttributes (25ms)
				AfterProcessingInitializeOnLoad (0ms)
				EditorAssembliesLoaded (0ms)
			ExecutionOrderSort2 (0ms)
			AwakeInstancesAfterBackupRestoration (0ms)
Platform modules already initialized, skipping
Registering precompiled user dll's ...
Registered in 0.010613 seconds.
Begin MonoManager ReloadAssembly
Native extension for WindowsStandalone target not found
Refreshing native plugins compatible for Editor in 73.61 ms, found 3 plugins.
Preloading 0 native plugins for Editor in 0.00 ms.
Mono: successfully reloaded assembly
- Completed reload, in  1.363 seconds
Domain Reload Profiling:
	ReloadAssembly (1364ms)
		BeginReloadAssembly (184ms)
			ExecutionOrderSort (0ms)
			DisableScriptedObjects (6ms)
			BackupInstance (0ms)
			ReleaseScriptingObjects (0ms)
			CreateAndSetChildDomain (58ms)
		EndReloadAssembly (1125ms)
			LoadAssemblies (89ms)
			RebuildTransferFunctionScriptingTraits (0ms)
			SetupTypeCache (337ms)
			ReleaseScriptCaches (0ms)
			RebuildScriptCaches (41ms)
			SetupLoadedEditorAssemblies (415ms)
				LogAssemblyErrors (0ms)
				InitializePlatformSupportModulesInManaged (13ms)
				SetLoadedEditorAssemblies (0ms)
				RefreshPlugins (74ms)
				BeforeProcessingInitializeOnLoad (71ms)
				ProcessInitializeOnLoadAttributes (240ms)
				ProcessInitializeOnLoadMethodAttributes (13ms)
				AfterProcessingInitializeOnLoad (4ms)
				EditorAssembliesLoaded (0ms)
			ExecutionOrderSort2 (0ms)
			AwakeInstancesAfterBackupRestoration (5ms)
Platform modules already initialized, skipping
========================================================================
Worker process is ready to serve import requests
Launched and connected shader compiler UnityShaderCompiler.exe after 0.06 seconds
Refreshing native plugins compatible for Editor in 0.46 ms, found 3 plugins.
Preloading 0 native plugins for Editor in 0.00 ms.
Unloading 2090 Unused Serialized files (Serialized files now loaded: 0)
System memory in use before: 93.0 MB.
System memory in use after: 93.1 MB.

Unloading 26 unused Assets to reduce memory usage. Loaded Objects now: 2529.
Total: 33.673500 ms (FindLiveObjects: 0.927300 ms CreateObjectMapping: 0.166000 ms MarkObjects: 32.449700 ms  DeleteObjects: 0.127000 ms)

AssetImportParameters requested are different than current active one (requested -> active):
  custom:framework-win-MediaFoundation: 216162199b28c13a410421893ffa2e32 -> 
  custom:video-decoder-ogg-theora: a1e56fd34408186e4bbccfd4996cb3dc -> 
  custom:container-muxer-webm: aa71ff27fc2769a1b78a27578f13a17b -> 
  custom:container-demuxer-webm: 4f35f7cbe854078d1ac9338744f61a02 -> 
  custom:container-demuxer-ogg: 62fdf1f143b41e24485cea50d1cbac27 -> 
  custom:video-encoder-webm-vp8: eb34c28f22e8b96e1ab97ce403110664 -> 
  custom:video-decoder-webm-vp8: 9c59270c3fd7afecdb556c50c9e8de78 -> 
  custom:audio-decoder-ogg-vorbis: bf7c407c2cedff20999df2af8eb42d56 -> 
  custom:audio-encoder-webm-vorbis: bf7c407c2cedff20999df2af8eb42d56 -> 
========================================================================
Received Import Request.
  path: Assets/Scenes
  artifactKey: Guid(3f3fa7450f862ea439c49ace38f2fd94) Importer(815301076,1909f56bfc062723c751e8b465ee728b)
Start importing Assets/Scenes using Guid(3f3fa7450f862ea439c49ace38f2fd94) Importer(815301076,1909f56bfc062723c751e8b465ee728b)  -> (artifact id: '7e298474c6c5858730e4e23a57d742e4') in 0.029102 seconds 
  Import took 0.033373 seconds .

========================================================================
Received Import Request.
  Time since last request: 4.824393 seconds.
  path: Assets/Scenes/Olle.unity
  artifactKey: Guid(3d33ad7101c09d54f95a75f22e3213ee) Importer(815301076,1909f56bfc062723c751e8b465ee728b)
Start importing Assets/Scenes/Olle.unity using Guid(3d33ad7101c09d54f95a75f22e3213ee) Importer(815301076,1909f56bfc062723c751e8b465ee728b)  -> (artifact id: 'a6ce7b7d700851d5612802395add3717') in 0.015652 seconds 
  Import took 0.022529 seconds .

========================================================================
Received Import Request.
  Time since last request: 15.498288 seconds.
  path: Assets/Scenes/Sikon.unity
  artifactKey: Guid(99c21a7e55df34545be2322447075450) Importer(815301076,1909f56bfc062723c751e8b465ee728b)
Start importing Assets/Scenes/Sikon.unity using Guid(99c21a7e55df34545be2322447075450) Importer(815301076,1909f56bfc062723c751e8b465ee728b)  -> (artifact id: 'dfa21b2c0f87177f43adbc7c517d3f1b') in 0.007889 seconds 
  Import took 0.012491 seconds .

========================================================================
Received Import Request.
  Time since last request: 28.558432 seconds.
  path: Assets/Scenes/Uram.unity
  artifactKey: Guid(f3c36f06f3784fc40906add33fd27d49) Importer(815301076,1909f56bfc062723c751e8b465ee728b)
Start importing Assets/Scenes/Uram.unity using Guid(f3c36f06f3784fc40906add33fd27d49) Importer(815301076,1909f56bfc062723c751e8b465ee728b)  -> (artifact id: '81c1e9a34fa40ebfb1c3e0889e077eb4') in 0.014491 seconds 
  Import took 0.020234 seconds .

========================================================================
Received Import Request.
  Time since last request: 14.064123 seconds.
  path: Assets/Scenes/Markis.mat
  artifactKey: Guid(c90bd99b4af50c94a8e571489c6b8a8b) Importer(815301076,1909f56bfc062723c751e8b465ee728b)
Start importing Assets/Scenes/Markis.mat using Guid(c90bd99b4af50c94a8e571489c6b8a8b) Importer(815301076,1909f56bfc062723c751e8b465ee728b)  -> (artifact id: '75088d7c0948b430b6badfc450a5f424') in 1.559585 seconds 
  Import took 1.565194 seconds .

========================================================================
Received Import Request.
  Time since last request: 6.856560 seconds.
  path: Assets/Scenes/Markis.unity
  artifactKey: Guid(abb685b90d72dd146a5ac13c0cef2768) Importer(815301076,1909f56bfc062723c751e8b465ee728b)
Start importing Assets/Scenes/Markis.unity using Guid(abb685b90d72dd146a5ac13c0cef2768) Importer(815301076,1909f56bfc062723c751e8b465ee728b)  -> (artifact id: 'cc184b2619fc6ee3fca149a6873d9fae') in 0.013138 seconds 
  Import took 0.018257 seconds .

========================================================================
Received Import Request.
  Time since last request: 25.993092 seconds.
  path: Assets/Scenes/jey.unity
  artifactKey: Guid(c0ee111ff030a03439598f08b878cfdc) Importer(815301076,1909f56bfc062723c751e8b465ee728b)
Start importing Assets/Scenes/jey.unity using Guid(c0ee111ff030a03439598f08b878cfdc) Importer(815301076,1909f56bfc062723c751e8b465ee728b)  -> (artifact id: '2482d861741d28f7863d0bc98eac7c0e') in 0.012738 seconds 
  Import took 0.017628 seconds .

========================================================================
Received Import Request.
  Time since last request: 6.096193 seconds.
  path: Assets/Scenes/Jey.unity
  artifactKey: Guid(c0ee111ff030a03439598f08b878cfdc) Importer(815301076,1909f56bfc062723c751e8b465ee728b)
Start importing Assets/Scenes/Jey.unity using Guid(c0ee111ff030a03439598f08b878cfdc) Importer(815301076,1909f56bfc062723c751e8b465ee728b)  -> (artifact id: 'dd9527101950dbca7493d809c830ee8c') in 0.031193 seconds 
  Import took 0.049129 seconds .

========================================================================
Received Import Request.
  Time since last request: 13.326159 seconds.
  path: Assets/Scenes/Simkon.unity
  artifactKey: Guid(99c21a7e55df34545be2322447075450) Importer(815301076,1909f56bfc062723c751e8b465ee728b)
Start importing Assets/Scenes/Simkon.unity using Guid(99c21a7e55df34545be2322447075450) Importer(815301076,1909f56bfc062723c751e8b465ee728b)  -> (artifact id: 'c2f055c0a3e11afaba2c162bd66305fd') in 0.022162 seconds 
  Import took 0.028353 seconds .

AssetImportWorkerClient::OnTransportError - code=2 error=End of file
